[0.413s] Invoking command in '/home/yestlisanchez/uwuntu/week_4/puzzlebot_sim': PYTHONPATH=/home/yestlisanchez/uwuntu/week_4/puzzlebot_sim/build/puzzlebot_sim/prefix_override:/usr/lib/python3/dist-packages/colcon_core/task/python/colcon_distutils_commands:/home/yestlisanchez/uwuntu/week_4/puzzlebot_sim/install/puzzlebot_sim/lib/python3.10/site-packages:${PYTHONPATH} /usr/bin/python3 -W ignore:setup.py install is deprecated -W ignore:easy_install command is deprecated setup.py egg_info --egg-base build/puzzlebot_sim build --build-base /home/yestlisanchez/uwuntu/week_4/puzzlebot_sim/build/puzzlebot_sim/build install --record /home/yestlisanchez/uwuntu/week_4/puzzlebot_sim/build/puzzlebot_sim/install.log --single-version-externally-managed install_data
[0.577s] running egg_info
[0.578s] writing build/puzzlebot_sim/puzzlebot_sim.egg-info/PKG-INFO
[0.578s] writing dependency_links to build/puzzlebot_sim/puzzlebot_sim.egg-info/dependency_links.txt
[0.578s] writing entry points to build/puzzlebot_sim/puzzlebot_sim.egg-info/entry_points.txt
[0.578s] writing requirements to build/puzzlebot_sim/puzzlebot_sim.egg-info/requires.txt
[0.578s] writing top-level names to build/puzzlebot_sim/puzzlebot_sim.egg-info/top_level.txt
[0.579s] reading manifest file 'build/puzzlebot_sim/puzzlebot_sim.egg-info/SOURCES.txt'
[0.579s] adding license file 'LICENSE'
[0.580s] writing manifest file 'build/puzzlebot_sim/puzzlebot_sim.egg-info/SOURCES.txt'
[0.580s] running build
[0.580s] running build_py
[0.581s] copying puzzlebot_sim/joint_state_publisher.py -> /home/yestlisanchez/uwuntu/week_4/puzzlebot_sim/build/puzzlebot_sim/build/lib/puzzlebot_sim
[0.581s] running install
[0.581s] running install_lib
[0.583s] copying /home/yestlisanchez/uwuntu/week_4/puzzlebot_sim/build/puzzlebot_sim/build/lib/puzzlebot_sim/joint_state_publisher.py -> /home/yestlisanchez/uwuntu/week_4/puzzlebot_sim/install/puzzlebot_sim/lib/python3.10/site-packages/puzzlebot_sim
[0.583s] byte-compiling /home/yestlisanchez/uwuntu/week_4/puzzlebot_sim/install/puzzlebot_sim/lib/python3.10/site-packages/puzzlebot_sim/joint_state_publisher.py to joint_state_publisher.cpython-310.pyc
[0.584s] running install_data
[0.584s] running install_egg_info
[0.584s] removing '/home/yestlisanchez/uwuntu/week_4/puzzlebot_sim/install/puzzlebot_sim/lib/python3.10/site-packages/puzzlebot_sim-0.0.0-py3.10.egg-info' (and everything under it)
[0.587s] Copying build/puzzlebot_sim/puzzlebot_sim.egg-info to /home/yestlisanchez/uwuntu/week_4/puzzlebot_sim/install/puzzlebot_sim/lib/python3.10/site-packages/puzzlebot_sim-0.0.0-py3.10.egg-info
[0.588s] running install_scripts
[0.602s] Installing controller script to /home/yestlisanchez/uwuntu/week_4/puzzlebot_sim/install/puzzlebot_sim/lib/puzzlebot_sim
[0.602s] Installing joint_state_publisher script to /home/yestlisanchez/uwuntu/week_4/puzzlebot_sim/install/puzzlebot_sim/lib/puzzlebot_sim
[0.602s] Installing kinematic_model script to /home/yestlisanchez/uwuntu/week_4/puzzlebot_sim/install/puzzlebot_sim/lib/puzzlebot_sim
[0.602s] Installing localisation script to /home/yestlisanchez/uwuntu/week_4/puzzlebot_sim/install/puzzlebot_sim/lib/puzzlebot_sim
[0.602s] writing list of installed files to '/home/yestlisanchez/uwuntu/week_4/puzzlebot_sim/build/puzzlebot_sim/install.log'
[0.619s] Invoked command in '/home/yestlisanchez/uwuntu/week_4/puzzlebot_sim' returned '0': PYTHONPATH=/home/yestlisanchez/uwuntu/week_4/puzzlebot_sim/build/puzzlebot_sim/prefix_override:/usr/lib/python3/dist-packages/colcon_core/task/python/colcon_distutils_commands:/home/yestlisanchez/uwuntu/week_4/puzzlebot_sim/install/puzzlebot_sim/lib/python3.10/site-packages:${PYTHONPATH} /usr/bin/python3 -W ignore:setup.py install is deprecated -W ignore:easy_install command is deprecated setup.py egg_info --egg-base build/puzzlebot_sim build --build-base /home/yestlisanchez/uwuntu/week_4/puzzlebot_sim/build/puzzlebot_sim/build install --record /home/yestlisanchez/uwuntu/week_4/puzzlebot_sim/build/puzzlebot_sim/install.log --single-version-externally-managed install_data
