[0.157s] DEBUG:colcon:Command line arguments: ['/usr/bin/colcon', 'build', '--packages-select', 'puzzlebot_sim']
[0.157s] DEBUG:colcon:Parsed command line arguments: Namespace(log_base=None, log_level=None, verb_name='build', build_base='build', install_base='install', merge_install=False, symlink_install=False, test_result_base=None, continue_on_error=False, executor='parallel', parallel_workers=8, event_handlers=None, ignore_user_meta=False, metas=['./colcon.meta'], base_paths=['.'], packages_ignore=None, packages_ignore_regex=None, paths=None, packages_up_to=None, packages_up_to_regex=None, packages_above=None, packages_above_and_dependencies=None, packages_above_depth=None, packages_select_by_dep=None, packages_skip_by_dep=None, packages_skip_up_to=None, packages_select_build_failed=False, packages_skip_build_finished=False, packages_select_test_failures=False, packages_skip_test_passed=False, packages_select=['puzzlebot_sim'], packages_skip=None, packages_select_regex=None, packages_skip_regex=None, packages_start=None, packages_end=None, allow_overriding=[], cmake_args=None, cmake_target=None, cmake_target_skip_unavailable=False, cmake_clean_cache=False, cmake_clean_first=False, cmake_force_configure=False, ament_cmake_args=None, catkin_cmake_args=None, catkin_skip_building_tests=False, verb_parser=<colcon_defaults.argument_parser.defaults.DefaultArgumentsDecorator object at 0x78fc11c2b9d0>, verb_extension=<colcon_core.verb.build.BuildVerb object at 0x78fc11c2b310>, main=<bound method BuildVerb.main of <colcon_core.verb.build.BuildVerb object at 0x78fc11c2b310>>)
[0.368s] Level 1:colcon.colcon_core.package_discovery:discover_packages(colcon_meta) check parameters
[0.368s] Level 1:colcon.colcon_core.package_discovery:discover_packages(recursive) check parameters
[0.368s] Level 1:colcon.colcon_core.package_discovery:discover_packages(ignore) check parameters
[0.368s] Level 1:colcon.colcon_core.package_discovery:discover_packages(path) check parameters
[0.368s] Level 1:colcon.colcon_core.package_discovery:discover_packages(colcon_meta) discover
[0.368s] Level 1:colcon.colcon_core.package_discovery:discover_packages(recursive) discover
[0.368s] INFO:colcon.colcon_core.package_discovery:Crawling recursively for packages in '/home/yestlisanchez/puzzlebot_sim'
[0.368s] Level 1:colcon.colcon_core.package_identification:_identify(.) by extensions ['ignore', 'ignore_ament_install']
[0.369s] Level 1:colcon.colcon_core.package_identification:_identify(.) by extension 'ignore'
[0.369s] Level 1:colcon.colcon_core.package_identification:_identify(.) by extension 'ignore_ament_install'
[0.369s] Level 1:colcon.colcon_core.package_identification:_identify(.) by extensions ['colcon_pkg']
[0.369s] Level 1:colcon.colcon_core.package_identification:_identify(.) by extension 'colcon_pkg'
[0.369s] Level 1:colcon.colcon_core.package_identification:_identify(.) by extensions ['colcon_meta']
[0.369s] Level 1:colcon.colcon_core.package_identification:_identify(.) by extension 'colcon_meta'
[0.369s] Level 1:colcon.colcon_core.package_identification:_identify(.) by extensions ['ros']
[0.369s] Level 1:colcon.colcon_core.package_identification:_identify(.) by extension 'ros'
[0.383s] DEBUG:colcon.colcon_core.package_identification:Package '.' with type 'ros.ament_python' and name 'puzzlebot_sim'
[0.383s] Level 1:colcon.colcon_core.package_discovery:discover_packages(recursive) using defaults
[0.383s] Level 1:colcon.colcon_core.package_discovery:discover_packages(ignore) discover
[0.383s] Level 1:colcon.colcon_core.package_discovery:discover_packages(ignore) using defaults
[0.383s] Level 1:colcon.colcon_core.package_discovery:discover_packages(path) discover
[0.383s] Level 1:colcon.colcon_core.package_discovery:discover_packages(path) using defaults
[0.404s] Level 1:colcon.colcon_core.package_discovery:discover_packages(prefix_path) check parameters
[0.404s] Level 1:colcon.colcon_core.package_discovery:discover_packages(prefix_path) discover
[0.407s] DEBUG:colcon.colcon_installed_package_information.package_discovery:Found 280 installed packages in /opt/ros/humble
[0.409s] Level 1:colcon.colcon_core.package_discovery:discover_packages(prefix_path) using defaults
[0.441s] Level 5:colcon.colcon_core.verb:set package 'puzzlebot_sim' build argument 'cmake_args' from command line to 'None'
[0.441s] Level 5:colcon.colcon_core.verb:set package 'puzzlebot_sim' build argument 'cmake_target' from command line to 'None'
[0.441s] Level 5:colcon.colcon_core.verb:set package 'puzzlebot_sim' build argument 'cmake_target_skip_unavailable' from command line to 'False'
[0.441s] Level 5:colcon.colcon_core.verb:set package 'puzzlebot_sim' build argument 'cmake_clean_cache' from command line to 'False'
[0.441s] Level 5:colcon.colcon_core.verb:set package 'puzzlebot_sim' build argument 'cmake_clean_first' from command line to 'False'
[0.441s] Level 5:colcon.colcon_core.verb:set package 'puzzlebot_sim' build argument 'cmake_force_configure' from command line to 'False'
[0.441s] Level 5:colcon.colcon_core.verb:set package 'puzzlebot_sim' build argument 'ament_cmake_args' from command line to 'None'
[0.441s] Level 5:colcon.colcon_core.verb:set package 'puzzlebot_sim' build argument 'catkin_cmake_args' from command line to 'None'
[0.441s] Level 5:colcon.colcon_core.verb:set package 'puzzlebot_sim' build argument 'catkin_skip_building_tests' from command line to 'False'
[0.441s] DEBUG:colcon.colcon_core.verb:Building package 'puzzlebot_sim' with the following arguments: {'ament_cmake_args': None, 'build_base': '/home/yestlisanchez/puzzlebot_sim/build/puzzlebot_sim', 'catkin_cmake_args': None, 'catkin_skip_building_tests': False, 'cmake_args': None, 'cmake_clean_cache': False, 'cmake_clean_first': False, 'cmake_force_configure': False, 'cmake_target': None, 'cmake_target_skip_unavailable': False, 'install_base': '/home/yestlisanchez/puzzlebot_sim/install/puzzlebot_sim', 'merge_install': False, 'path': '/home/yestlisanchez/puzzlebot_sim', 'symlink_install': False, 'test_result_base': None}
[0.442s] INFO:colcon.colcon_core.executor:Executing jobs using 'parallel' executor
[0.442s] DEBUG:colcon.colcon_parallel_executor.executor.parallel:run_until_complete
[0.442s] INFO:colcon.colcon_ros.task.ament_python.build:Building ROS package in '/home/yestlisanchez/puzzlebot_sim' with build type 'ament_python'
[0.443s] Level 1:colcon.colcon_core.shell:create_environment_hook('puzzlebot_sim', 'ament_prefix_path')
[0.447s] INFO:colcon.colcon_core.plugin_system:Skipping extension 'colcon_core.shell.bat': Not used on non-Windows systems
[0.447s] INFO:colcon.colcon_core.shell:Creating environment hook '/home/yestlisanchez/puzzlebot_sim/install/puzzlebot_sim/share/puzzlebot_sim/hook/ament_prefix_path.ps1'
[0.448s] INFO:colcon.colcon_core.shell:Creating environment descriptor '/home/yestlisanchez/puzzlebot_sim/install/puzzlebot_sim/share/puzzlebot_sim/hook/ament_prefix_path.dsv'
[0.448s] INFO:colcon.colcon_core.shell:Creating environment hook '/home/yestlisanchez/puzzlebot_sim/install/puzzlebot_sim/share/puzzlebot_sim/hook/ament_prefix_path.sh'
[0.449s] INFO:colcon.colcon_core.shell:Skip shell extension 'powershell' for command environment: Not usable outside of PowerShell
[0.449s] DEBUG:colcon.colcon_core.shell:Skip shell extension 'dsv' for command environment
[0.619s] INFO:colcon.colcon_core.task.python.build:Building Python package in '/home/yestlisanchez/puzzlebot_sim'
[0.619s] INFO:colcon.colcon_core.shell:Skip shell extension 'powershell' for command environment: Not usable outside of PowerShell
[0.619s] DEBUG:colcon.colcon_core.shell:Skip shell extension 'dsv' for command environment
[0.887s] DEBUG:colcon.colcon_core.event_handler.log_command:Invoking command in '/home/yestlisanchez/puzzlebot_sim': PYTHONPATH=/home/yestlisanchez/puzzlebot_sim/build/puzzlebot_sim/prefix_override:/usr/lib/python3/dist-packages/colcon_core/task/python/colcon_distutils_commands:/home/yestlisanchez/puzzlebot_sim/install/puzzlebot_sim/lib/python3.10/site-packages:${PYTHONPATH} /usr/bin/python3 -W ignore:setup.py install is deprecated -W ignore:easy_install command is deprecated setup.py egg_info --egg-base build/puzzlebot_sim build --build-base /home/yestlisanchez/puzzlebot_sim/build/puzzlebot_sim/build install --record /home/yestlisanchez/puzzlebot_sim/build/puzzlebot_sim/install.log --single-version-externally-managed install_data
[1.083s] DEBUG:colcon.colcon_core.event_handler.log_command:Invoked command in '/home/yestlisanchez/puzzlebot_sim' returned '0': PYTHONPATH=/home/yestlisanchez/puzzlebot_sim/build/puzzlebot_sim/prefix_override:/usr/lib/python3/dist-packages/colcon_core/task/python/colcon_distutils_commands:/home/yestlisanchez/puzzlebot_sim/install/puzzlebot_sim/lib/python3.10/site-packages:${PYTHONPATH} /usr/bin/python3 -W ignore:setup.py install is deprecated -W ignore:easy_install command is deprecated setup.py egg_info --egg-base build/puzzlebot_sim build --build-base /home/yestlisanchez/puzzlebot_sim/build/puzzlebot_sim/build install --record /home/yestlisanchez/puzzlebot_sim/build/puzzlebot_sim/install.log --single-version-externally-managed install_data
[1.088s] Level 1:colcon.colcon_core.environment:checking '/home/yestlisanchez/puzzlebot_sim/install/puzzlebot_sim' for CMake module files
[1.089s] Level 1:colcon.colcon_core.environment:checking '/home/yestlisanchez/puzzlebot_sim/install/puzzlebot_sim' for CMake config files
[1.089s] Level 1:colcon.colcon_core.environment:checking '/home/yestlisanchez/puzzlebot_sim/install/puzzlebot_sim/lib'
[1.089s] Level 1:colcon.colcon_core.environment:checking '/home/yestlisanchez/puzzlebot_sim/install/puzzlebot_sim/bin'
[1.090s] Level 1:colcon.colcon_core.environment:checking '/home/yestlisanchez/puzzlebot_sim/install/puzzlebot_sim/lib/pkgconfig/puzzlebot_sim.pc'
[1.090s] Level 1:colcon.colcon_core.environment:checking '/home/yestlisanchez/puzzlebot_sim/install/puzzlebot_sim/lib/python3.10/site-packages'
[1.090s] Level 1:colcon.colcon_core.shell:create_environment_hook('puzzlebot_sim', 'pythonpath')
[1.090s] INFO:colcon.colcon_core.shell:Creating environment hook '/home/yestlisanchez/puzzlebot_sim/install/puzzlebot_sim/share/puzzlebot_sim/hook/pythonpath.ps1'
[1.090s] INFO:colcon.colcon_core.shell:Creating environment descriptor '/home/yestlisanchez/puzzlebot_sim/install/puzzlebot_sim/share/puzzlebot_sim/hook/pythonpath.dsv'
[1.091s] INFO:colcon.colcon_core.shell:Creating environment hook '/home/yestlisanchez/puzzlebot_sim/install/puzzlebot_sim/share/puzzlebot_sim/hook/pythonpath.sh'
[1.091s] Level 1:colcon.colcon_core.environment:checking '/home/yestlisanchez/puzzlebot_sim/install/puzzlebot_sim/bin'
[1.091s] Level 1:colcon.colcon_core.environment:create_environment_scripts_only(puzzlebot_sim)
[1.092s] INFO:colcon.colcon_core.shell:Creating package script '/home/yestlisanchez/puzzlebot_sim/install/puzzlebot_sim/share/puzzlebot_sim/package.ps1'
[1.093s] INFO:colcon.colcon_core.shell:Creating package descriptor '/home/yestlisanchez/puzzlebot_sim/install/puzzlebot_sim/share/puzzlebot_sim/package.dsv'
[1.094s] INFO:colcon.colcon_core.shell:Creating package script '/home/yestlisanchez/puzzlebot_sim/install/puzzlebot_sim/share/puzzlebot_sim/package.sh'
[1.095s] INFO:colcon.colcon_core.shell:Creating package script '/home/yestlisanchez/puzzlebot_sim/install/puzzlebot_sim/share/puzzlebot_sim/package.bash'
[1.096s] INFO:colcon.colcon_core.shell:Creating package script '/home/yestlisanchez/puzzlebot_sim/install/puzzlebot_sim/share/puzzlebot_sim/package.zsh'
[1.097s] Level 1:colcon.colcon_core.environment:create_file_with_runtime_dependencies(/home/yestlisanchez/puzzlebot_sim/install/puzzlebot_sim/share/colcon-core/packages/puzzlebot_sim)
[1.097s] DEBUG:colcon.colcon_parallel_executor.executor.parallel:closing loop
[1.097s] DEBUG:colcon.colcon_parallel_executor.executor.parallel:loop closed
[1.097s] DEBUG:colcon.colcon_parallel_executor.executor.parallel:run_until_complete finished with '0'
[1.097s] DEBUG:colcon.colcon_core.event_reactor:joining thread
[1.103s] INFO:colcon.colcon_core.plugin_system:Skipping extension 'colcon_notification.desktop_notification.terminal_notifier': Not used on non-Darwin systems
[1.103s] INFO:colcon.colcon_core.plugin_system:Skipping extension 'colcon_notification.desktop_notification.win32': Not used on non-Windows systems
[1.103s] INFO:colcon.colcon_notification.desktop_notification:Sending desktop notification using 'notify2'
[1.114s] DEBUG:colcon.colcon_core.event_reactor:joined thread
[1.114s] INFO:colcon.colcon_core.shell:Creating prefix script '/home/yestlisanchez/puzzlebot_sim/install/local_setup.ps1'
[1.115s] INFO:colcon.colcon_core.shell:Creating prefix util module '/home/yestlisanchez/puzzlebot_sim/install/_local_setup_util_ps1.py'
[1.116s] INFO:colcon.colcon_core.shell:Creating prefix chain script '/home/yestlisanchez/puzzlebot_sim/install/setup.ps1'
[1.117s] INFO:colcon.colcon_core.shell:Creating prefix script '/home/yestlisanchez/puzzlebot_sim/install/local_setup.sh'
[1.118s] INFO:colcon.colcon_core.shell:Creating prefix util module '/home/yestlisanchez/puzzlebot_sim/install/_local_setup_util_sh.py'
[1.119s] INFO:colcon.colcon_core.shell:Creating prefix chain script '/home/yestlisanchez/puzzlebot_sim/install/setup.sh'
[1.120s] INFO:colcon.colcon_core.shell:Creating prefix script '/home/yestlisanchez/puzzlebot_sim/install/local_setup.bash'
[1.120s] INFO:colcon.colcon_core.shell:Creating prefix chain script '/home/yestlisanchez/puzzlebot_sim/install/setup.bash'
[1.123s] INFO:colcon.colcon_core.shell:Creating prefix script '/home/yestlisanchez/puzzlebot_sim/install/local_setup.zsh'
[1.124s] INFO:colcon.colcon_core.shell:Creating prefix chain script '/home/yestlisanchez/puzzlebot_sim/install/setup.zsh'
