[0.982s] Invoking command in '/home/yestlisanchez/puzzlebot_sim': PYTHONPATH=/home/yestlisanchez/puzzlebot_sim/build/puzzlebot_sim/prefix_override:/usr/lib/python3/dist-packages/colcon_core/task/python/colcon_distutils_commands:/home/yestlisanchez/puzzlebot_sim/install/puzzlebot_sim/lib/python3.10/site-packages:${PYTHONPATH} /usr/bin/python3 -W ignore:setup.py install is deprecated -W ignore:easy_install command is deprecated setup.py egg_info --egg-base build/puzzlebot_sim build --build-base /home/yestlisanchez/puzzlebot_sim/build/puzzlebot_sim/build install --record /home/yestlisanchez/puzzlebot_sim/build/puzzlebot_sim/install.log --single-version-externally-managed install_data
[1.265s] running egg_info
[1.266s] writing build/puzzlebot_sim/puzzlebot_sim.egg-info/PKG-INFO
[1.266s] writing dependency_links to build/puzzlebot_sim/puzzlebot_sim.egg-info/dependency_links.txt
[1.266s] writing entry points to build/puzzlebot_sim/puzzlebot_sim.egg-info/entry_points.txt
[1.267s] writing requirements to build/puzzlebot_sim/puzzlebot_sim.egg-info/requires.txt
[1.267s] writing top-level names to build/puzzlebot_sim/puzzlebot_sim.egg-info/top_level.txt
[1.269s] reading manifest file 'build/puzzlebot_sim/puzzlebot_sim.egg-info/SOURCES.txt'
[1.270s] adding license file 'LICENSE'
[1.271s] writing manifest file 'build/puzzlebot_sim/puzzlebot_sim.egg-info/SOURCES.txt'
[1.271s] running build
[1.272s] running build_py
[1.272s] running install
[1.272s] running install_lib
[1.274s] running install_data
[1.274s] running install_egg_info
[1.276s] removing '/home/yestlisanchez/puzzlebot_sim/install/puzzlebot_sim/lib/python3.10/site-packages/puzzlebot_sim-0.0.0-py3.10.egg-info' (and everything under it)
[1.279s] Copying build/puzzlebot_sim/puzzlebot_sim.egg-info to /home/yestlisanchez/puzzlebot_sim/install/puzzlebot_sim/lib/python3.10/site-packages/puzzlebot_sim-0.0.0-py3.10.egg-info
[1.280s] running install_scripts
[1.301s] Installing joint_state_publisher script to /home/yestlisanchez/puzzlebot_sim/install/puzzlebot_sim/lib/puzzlebot_sim
[1.301s] writing list of installed files to '/home/yestlisanchez/puzzlebot_sim/build/puzzlebot_sim/install.log'
[1.322s] Invoked command in '/home/yestlisanchez/puzzlebot_sim' returned '0': PYTHONPATH=/home/yestlisanchez/puzzlebot_sim/build/puzzlebot_sim/prefix_override:/usr/lib/python3/dist-packages/colcon_core/task/python/colcon_distutils_commands:/home/yestlisanchez/puzzlebot_sim/install/puzzlebot_sim/lib/python3.10/site-packages:${PYTHONPATH} /usr/bin/python3 -W ignore:setup.py install is deprecated -W ignore:easy_install command is deprecated setup.py egg_info --egg-base build/puzzlebot_sim build --build-base /home/yestlisanchez/puzzlebot_sim/build/puzzlebot_sim/build install --record /home/yestlisanchez/puzzlebot_sim/build/puzzlebot_sim/install.log --single-version-externally-managed install_data
