[0.386s] Invoking command in '/home/yestlisanchez/uwuntu/week_3/puzzlebot_sim': PYTHONPATH=/home/yestlisanchez/uwuntu/week_3/puzzlebot_sim/build/puzzlebot_sim/prefix_override:/usr/lib/python3/dist-packages/colcon_core/task/python/colcon_distutils_commands:/home/yestlisanchez/uwuntu/week_3/puzzlebot_sim/install/puzzlebot_sim/lib/python3.10/site-packages:${PYTHONPATH} /usr/bin/python3 -W ignore:setup.py install is deprecated -W ignore:easy_install command is deprecated setup.py egg_info --egg-base build/puzzlebot_sim build --build-base /home/yestlisanchez/uwuntu/week_3/puzzlebot_sim/build/puzzlebot_sim/build install --record /home/yestlisanchez/uwuntu/week_3/puzzlebot_sim/build/puzzlebot_sim/install.log --single-version-externally-managed install_data
[0.542s] running egg_info
[0.543s] writing build/puzzlebot_sim/puzzlebot_sim.egg-info/PKG-INFO
[0.544s] writing dependency_links to build/puzzlebot_sim/puzzlebot_sim.egg-info/dependency_links.txt
[0.544s] writing entry points to build/puzzlebot_sim/puzzlebot_sim.egg-info/entry_points.txt
[0.545s] writing requirements to build/puzzlebot_sim/puzzlebot_sim.egg-info/requires.txt
[0.545s] writing top-level names to build/puzzlebot_sim/puzzlebot_sim.egg-info/top_level.txt
[0.545s] reading manifest file 'build/puzzlebot_sim/puzzlebot_sim.egg-info/SOURCES.txt'
[0.545s] adding license file 'LICENSE'
[0.545s] writing manifest file 'build/puzzlebot_sim/puzzlebot_sim.egg-info/SOURCES.txt'
[0.545s] running build
[0.546s] running build_py
[0.546s] copying puzzlebot_sim/kinematic_model.py -> /home/yestlisanchez/uwuntu/week_3/puzzlebot_sim/build/puzzlebot_sim/build/lib/puzzlebot_sim
[0.546s] running install
[0.546s] running install_lib
[0.546s] copying /home/yestlisanchez/uwuntu/week_3/puzzlebot_sim/build/puzzlebot_sim/build/lib/puzzlebot_sim/kinematic_model.py -> /home/yestlisanchez/uwuntu/week_3/puzzlebot_sim/install/puzzlebot_sim/lib/python3.10/site-packages/puzzlebot_sim
[0.547s] byte-compiling /home/yestlisanchez/uwuntu/week_3/puzzlebot_sim/install/puzzlebot_sim/lib/python3.10/site-packages/puzzlebot_sim/kinematic_model.py to kinematic_model.cpython-310.pyc
[0.548s] running install_data
[0.548s] running install_egg_info
[0.549s] removing '/home/yestlisanchez/uwuntu/week_3/puzzlebot_sim/install/puzzlebot_sim/lib/python3.10/site-packages/puzzlebot_sim-0.0.0-py3.10.egg-info' (and everything under it)
[0.552s] Copying build/puzzlebot_sim/puzzlebot_sim.egg-info to /home/yestlisanchez/uwuntu/week_3/puzzlebot_sim/install/puzzlebot_sim/lib/python3.10/site-packages/puzzlebot_sim-0.0.0-py3.10.egg-info
[0.553s] running install_scripts
[0.567s] Installing controller script to /home/yestlisanchez/uwuntu/week_3/puzzlebot_sim/install/puzzlebot_sim/lib/puzzlebot_sim
[0.567s] Installing joint_state_publisher script to /home/yestlisanchez/uwuntu/week_3/puzzlebot_sim/install/puzzlebot_sim/lib/puzzlebot_sim
[0.567s] Installing kinematic_model script to /home/yestlisanchez/uwuntu/week_3/puzzlebot_sim/install/puzzlebot_sim/lib/puzzlebot_sim
[0.567s] Installing localisation script to /home/yestlisanchez/uwuntu/week_3/puzzlebot_sim/install/puzzlebot_sim/lib/puzzlebot_sim
[0.567s] writing list of installed files to '/home/yestlisanchez/uwuntu/week_3/puzzlebot_sim/build/puzzlebot_sim/install.log'
[0.582s] Invoked command in '/home/yestlisanchez/uwuntu/week_3/puzzlebot_sim' returned '0': PYTHONPATH=/home/yestlisanchez/uwuntu/week_3/puzzlebot_sim/build/puzzlebot_sim/prefix_override:/usr/lib/python3/dist-packages/colcon_core/task/python/colcon_distutils_commands:/home/yestlisanchez/uwuntu/week_3/puzzlebot_sim/install/puzzlebot_sim/lib/python3.10/site-packages:${PYTHONPATH} /usr/bin/python3 -W ignore:setup.py install is deprecated -W ignore:easy_install command is deprecated setup.py egg_info --egg-base build/puzzlebot_sim build --build-base /home/yestlisanchez/uwuntu/week_3/puzzlebot_sim/build/puzzlebot_sim/build install --record /home/yestlisanchez/uwuntu/week_3/puzzlebot_sim/build/puzzlebot_sim/install.log --single-version-externally-managed install_data
