running egg_info
creating build/puzzlebot_sim/puzzlebot_sim.egg-info
writing build/puzzlebot_sim/puzzlebot_sim.egg-info/PKG-INFO
writing dependency_links to build/puzzlebot_sim/puzzlebot_sim.egg-info/dependency_links.txt
writing entry points to build/puzzlebot_sim/puzzlebot_sim.egg-info/entry_points.txt
writing requirements to build/puzzlebot_sim/puzzlebot_sim.egg-info/requires.txt
writing top-level names to build/puzzlebot_sim/puzzlebot_sim.egg-info/top_level.txt
writing manifest file 'build/puzzlebot_sim/puzzlebot_sim.egg-info/SOURCES.txt'
reading manifest file 'build/puzzlebot_sim/puzzlebot_sim.egg-info/SOURCES.txt'
adding license file 'LICENSE'
writing manifest file 'build/puzzlebot_sim/puzzlebot_sim.egg-info/SOURCES.txt'
running build
running build_py
creating /home/yestlisanchez/uwuntu/week_3/puzzlebot_sim/build/puzzlebot_sim/build
creating /home/yestlisanchez/uwuntu/week_3/puzzlebot_sim/build/puzzlebot_sim/build/lib
creating /home/yestlisanchez/uwuntu/week_3/puzzlebot_sim/build/puzzlebot_sim/build/lib/puzzlebot_sim
copying puzzlebot_sim/__init__.py -> /home/yestlisanchez/uwuntu/week_3/puzzlebot_sim/build/puzzlebot_sim/build/lib/puzzlebot_sim
copying puzzlebot_sim/kinematic_model.py -> /home/yestlisanchez/uwuntu/week_3/puzzlebot_sim/build/puzzlebot_sim/build/lib/puzzlebot_sim
copying puzzlebot_sim/localisation.py -> /home/yestlisanchez/uwuntu/week_3/puzzlebot_sim/build/puzzlebot_sim/build/lib/puzzlebot_sim
copying puzzlebot_sim/controller.py -> /home/yestlisanchez/uwuntu/week_3/puzzlebot_sim/build/puzzlebot_sim/build/lib/puzzlebot_sim
copying puzzlebot_sim/joint_state_publisher.py -> /home/yestlisanchez/uwuntu/week_3/puzzlebot_sim/build/puzzlebot_sim/build/lib/puzzlebot_sim
running install
running install_lib
creating /home/yestlisanchez/uwuntu/week_3/puzzlebot_sim/install/puzzlebot_sim/lib/python3.10/site-packages/puzzlebot_sim
copying /home/yestlisanchez/uwuntu/week_3/puzzlebot_sim/build/puzzlebot_sim/build/lib/puzzlebot_sim/__init__.py -> /home/yestlisanchez/uwuntu/week_3/puzzlebot_sim/install/puzzlebot_sim/lib/python3.10/site-packages/puzzlebot_sim
copying /home/yestlisanchez/uwuntu/week_3/puzzlebot_sim/build/puzzlebot_sim/build/lib/puzzlebot_sim/kinematic_model.py -> /home/yestlisanchez/uwuntu/week_3/puzzlebot_sim/install/puzzlebot_sim/lib/python3.10/site-packages/puzzlebot_sim
copying /home/yestlisanchez/uwuntu/week_3/puzzlebot_sim/build/puzzlebot_sim/build/lib/puzzlebot_sim/localisation.py -> /home/yestlisanchez/uwuntu/week_3/puzzlebot_sim/install/puzzlebot_sim/lib/python3.10/site-packages/puzzlebot_sim
copying /home/yestlisanchez/uwuntu/week_3/puzzlebot_sim/build/puzzlebot_sim/build/lib/puzzlebot_sim/controller.py -> /home/yestlisanchez/uwuntu/week_3/puzzlebot_sim/install/puzzlebot_sim/lib/python3.10/site-packages/puzzlebot_sim
copying /home/yestlisanchez/uwuntu/week_3/puzzlebot_sim/build/puzzlebot_sim/build/lib/puzzlebot_sim/joint_state_publisher.py -> /home/yestlisanchez/uwuntu/week_3/puzzlebot_sim/install/puzzlebot_sim/lib/python3.10/site-packages/puzzlebot_sim
byte-compiling /home/yestlisanchez/uwuntu/week_3/puzzlebot_sim/install/puzzlebot_sim/lib/python3.10/site-packages/puzzlebot_sim/__init__.py to __init__.cpython-310.pyc
byte-compiling /home/yestlisanchez/uwuntu/week_3/puzzlebot_sim/install/puzzlebot_sim/lib/python3.10/site-packages/puzzlebot_sim/kinematic_model.py to kinematic_model.cpython-310.pyc
byte-compiling /home/yestlisanchez/uwuntu/week_3/puzzlebot_sim/install/puzzlebot_sim/lib/python3.10/site-packages/puzzlebot_sim/localisation.py to localisation.cpython-310.pyc
byte-compiling /home/yestlisanchez/uwuntu/week_3/puzzlebot_sim/install/puzzlebot_sim/lib/python3.10/site-packages/puzzlebot_sim/controller.py to controller.cpython-310.pyc
byte-compiling /home/yestlisanchez/uwuntu/week_3/puzzlebot_sim/install/puzzlebot_sim/lib/python3.10/site-packages/puzzlebot_sim/joint_state_publisher.py to joint_state_publisher.cpython-310.pyc
running install_data
creating /home/yestlisanchez/uwuntu/week_3/puzzlebot_sim/install/puzzlebot_sim/share/ament_index
creating /home/yestlisanchez/uwuntu/week_3/puzzlebot_sim/install/puzzlebot_sim/share/ament_index/resource_index
creating /home/yestlisanchez/uwuntu/week_3/puzzlebot_sim/install/puzzlebot_sim/share/ament_index/resource_index/packages
copying resource/puzzlebot_sim -> /home/yestlisanchez/uwuntu/week_3/puzzlebot_sim/install/puzzlebot_sim/share/ament_index/resource_index/packages
copying package.xml -> /home/yestlisanchez/uwuntu/week_3/puzzlebot_sim/install/puzzlebot_sim/share/puzzlebot_sim
creating /home/yestlisanchez/uwuntu/week_3/puzzlebot_sim/install/puzzlebot_sim/share/puzzlebot_sim/launch
copying launch/puzzlebot_launch.py -> /home/yestlisanchez/uwuntu/week_3/puzzlebot_sim/install/puzzlebot_sim/share/puzzlebot_sim/launch
copying launch/kinematic_launch.py -> /home/yestlisanchez/uwuntu/week_3/puzzlebot_sim/install/puzzlebot_sim/share/puzzlebot_sim/launch
copying launch/localisation_launch.py -> /home/yestlisanchez/uwuntu/week_3/puzzlebot_sim/install/puzzlebot_sim/share/puzzlebot_sim/launch
creating /home/yestlisanchez/uwuntu/week_3/puzzlebot_sim/install/puzzlebot_sim/share/puzzlebot_sim/config
creating /home/yestlisanchez/uwuntu/week_3/puzzlebot_sim/install/puzzlebot_sim/share/puzzlebot_sim/rviz
copying rviz/puzzlebot_rviz.rviz -> /home/yestlisanchez/uwuntu/week_3/puzzlebot_sim/install/puzzlebot_sim/share/puzzlebot_sim/rviz
creating /home/yestlisanchez/uwuntu/week_3/puzzlebot_sim/install/puzzlebot_sim/share/puzzlebot_sim/meshes
copying meshes/Puzzlebot_Caster_Wheel.stl -> /home/yestlisanchez/uwuntu/week_3/puzzlebot_sim/install/puzzlebot_sim/share/puzzlebot_sim/meshes
copying meshes/Puzzlebot_Wheel.stl -> /home/yestlisanchez/uwuntu/week_3/puzzlebot_sim/install/puzzlebot_sim/share/puzzlebot_sim/meshes
copying meshes/Puzzlebot_Jetson_Lidar_Edition_Base.stl -> /home/yestlisanchez/uwuntu/week_3/puzzlebot_sim/install/puzzlebot_sim/share/puzzlebot_sim/meshes
creating /home/yestlisanchez/uwuntu/week_3/puzzlebot_sim/install/puzzlebot_sim/share/puzzlebot_sim/urdf
copying urdf/puzzlebot.urdf -> /home/yestlisanchez/uwuntu/week_3/puzzlebot_sim/install/puzzlebot_sim/share/puzzlebot_sim/urdf
running install_egg_info
Copying build/puzzlebot_sim/puzzlebot_sim.egg-info to /home/yestlisanchez/uwuntu/week_3/puzzlebot_sim/install/puzzlebot_sim/lib/python3.10/site-packages/puzzlebot_sim-0.0.0-py3.10.egg-info
running install_scripts
Installing controller script to /home/yestlisanchez/uwuntu/week_3/puzzlebot_sim/install/puzzlebot_sim/lib/puzzlebot_sim
Installing joint_state_publisher script to /home/yestlisanchez/uwuntu/week_3/puzzlebot_sim/install/puzzlebot_sim/lib/puzzlebot_sim
Installing kinematic_model script to /home/yestlisanchez/uwuntu/week_3/puzzlebot_sim/install/puzzlebot_sim/lib/puzzlebot_sim
Installing localisation script to /home/yestlisanchez/uwuntu/week_3/puzzlebot_sim/install/puzzlebot_sim/lib/puzzlebot_sim
writing list of installed files to '/home/yestlisanchez/uwuntu/week_3/puzzlebot_sim/build/puzzlebot_sim/install.log'
