[1.123s] Invoking command in '/home/yestlisanchez/puzzlebot_sim': PYTHONPATH=/home/yestlisanchez/puzzlebot_sim/build/puzzlebot_sim/prefix_override:/usr/lib/python3/dist-packages/colcon_core/task/python/colcon_distutils_commands:/home/yestlisanchez/puzzlebot_sim/install/puzzlebot_sim/lib/python3.10/site-packages:${PYTHONPATH} /usr/bin/python3 -W ignore:setup.py install is deprecated -W ignore:easy_install command is deprecated setup.py egg_info --egg-base build/puzzlebot_sim build --build-base /home/yestlisanchez/puzzlebot_sim/build/puzzlebot_sim/build install --record /home/yestlisanchez/puzzlebot_sim/build/puzzlebot_sim/install.log --single-version-externally-managed install_data
[1.599s] running egg_info
[1.599s] writing build/puzzlebot_sim/puzzlebot_sim.egg-info/PKG-INFO
[1.599s] writing dependency_links to build/puzzlebot_sim/puzzlebot_sim.egg-info/dependency_links.txt
[1.599s] writing entry points to build/puzzlebot_sim/puzzlebot_sim.egg-info/entry_points.txt
[1.599s] writing requirements to build/puzzlebot_sim/puzzlebot_sim.egg-info/requires.txt
[1.599s] writing top-level names to build/puzzlebot_sim/puzzlebot_sim.egg-info/top_level.txt
[1.604s] reading manifest file 'build/puzzlebot_sim/puzzlebot_sim.egg-info/SOURCES.txt'
[1.604s] adding license file 'LICENSE'
[1.604s] writing manifest file 'build/puzzlebot_sim/puzzlebot_sim.egg-info/SOURCES.txt'
[1.604s] running build
[1.605s] running build_py
[1.605s] running install
[1.605s] running install_lib
[1.608s] running install_data
[1.608s] running install_egg_info
[1.608s] removing '/home/yestlisanchez/puzzlebot_sim/install/puzzlebot_sim/lib/python3.10/site-packages/puzzlebot_sim-0.0.0-py3.10.egg-info' (and everything under it)
[1.611s] Copying build/puzzlebot_sim/puzzlebot_sim.egg-info to /home/yestlisanchez/puzzlebot_sim/install/puzzlebot_sim/lib/python3.10/site-packages/puzzlebot_sim-0.0.0-py3.10.egg-info
[1.619s] running install_scripts
[1.651s] Installing joint_state_publisher script to /home/yestlisanchez/puzzlebot_sim/install/puzzlebot_sim/lib/puzzlebot_sim
[1.652s] writing list of installed files to '/home/yestlisanchez/puzzlebot_sim/build/puzzlebot_sim/install.log'
[1.695s] Invoked command in '/home/yestlisanchez/puzzlebot_sim' returned '0': PYTHONPATH=/home/yestlisanchez/puzzlebot_sim/build/puzzlebot_sim/prefix_override:/usr/lib/python3/dist-packages/colcon_core/task/python/colcon_distutils_commands:/home/yestlisanchez/puzzlebot_sim/install/puzzlebot_sim/lib/python3.10/site-packages:${PYTHONPATH} /usr/bin/python3 -W ignore:setup.py install is deprecated -W ignore:easy_install command is deprecated setup.py egg_info --egg-base build/puzzlebot_sim build --build-base /home/yestlisanchez/puzzlebot_sim/build/puzzlebot_sim/build install --record /home/yestlisanchez/puzzlebot_sim/build/puzzlebot_sim/install.log --single-version-externally-managed install_data
