[0.405s] Invoking command in '/home/yestlisanchez/uwuntu/week_4/puzzlebot_sim': PYTHONPATH=/home/yestlisanchez/uwuntu/week_4/puzzlebot_sim/build/puzzlebot_sim/prefix_override:/usr/lib/python3/dist-packages/colcon_core/task/python/colcon_distutils_commands:/home/yestlisanchez/uwuntu/week_4/puzzlebot_sim/install/puzzlebot_sim/lib/python3.10/site-packages:${PYTHONPATH} /usr/bin/python3 -W ignore:setup.py install is deprecated -W ignore:easy_install command is deprecated setup.py egg_info --egg-base build/puzzlebot_sim build --build-base /home/yestlisanchez/uwuntu/week_4/puzzlebot_sim/build/puzzlebot_sim/build install --record /home/yestlisanchez/uwuntu/week_4/puzzlebot_sim/build/puzzlebot_sim/install.log --single-version-externally-managed install_data
[0.565s] running egg_info
[0.565s] writing build/puzzlebot_sim/puzzlebot_sim.egg-info/PKG-INFO
[0.566s] writing dependency_links to build/puzzlebot_sim/puzzlebot_sim.egg-info/dependency_links.txt
[0.566s] writing entry points to build/puzzlebot_sim/puzzlebot_sim.egg-info/entry_points.txt
[0.566s] writing requirements to build/puzzlebot_sim/puzzlebot_sim.egg-info/requires.txt
[0.566s] writing top-level names to build/puzzlebot_sim/puzzlebot_sim.egg-info/top_level.txt
[0.567s] reading manifest file 'build/puzzlebot_sim/puzzlebot_sim.egg-info/SOURCES.txt'
[0.567s] adding license file 'LICENSE'
[0.567s] writing manifest file 'build/puzzlebot_sim/puzzlebot_sim.egg-info/SOURCES.txt'
[0.568s] running build
[0.568s] running build_py
[0.568s] running install
[0.568s] running install_lib
[0.569s] running install_data
[0.569s] running install_egg_info
[0.571s] removing '/home/yestlisanchez/uwuntu/week_4/puzzlebot_sim/install/puzzlebot_sim/lib/python3.10/site-packages/puzzlebot_sim-0.0.0-py3.10.egg-info' (and everything under it)
[0.571s] Copying build/puzzlebot_sim/puzzlebot_sim.egg-info to /home/yestlisanchez/uwuntu/week_4/puzzlebot_sim/install/puzzlebot_sim/lib/python3.10/site-packages/puzzlebot_sim-0.0.0-py3.10.egg-info
[0.573s] running install_scripts
[0.586s] Installing controller script to /home/yestlisanchez/uwuntu/week_4/puzzlebot_sim/install/puzzlebot_sim/lib/puzzlebot_sim
[0.586s] Installing joint_state_publisher script to /home/yestlisanchez/uwuntu/week_4/puzzlebot_sim/install/puzzlebot_sim/lib/puzzlebot_sim
[0.586s] Installing kinematic_model script to /home/yestlisanchez/uwuntu/week_4/puzzlebot_sim/install/puzzlebot_sim/lib/puzzlebot_sim
[0.586s] Installing localisation script to /home/yestlisanchez/uwuntu/week_4/puzzlebot_sim/install/puzzlebot_sim/lib/puzzlebot_sim
[0.587s] writing list of installed files to '/home/yestlisanchez/uwuntu/week_4/puzzlebot_sim/build/puzzlebot_sim/install.log'
[0.603s] Invoked command in '/home/yestlisanchez/uwuntu/week_4/puzzlebot_sim' returned '0': PYTHONPATH=/home/yestlisanchez/uwuntu/week_4/puzzlebot_sim/build/puzzlebot_sim/prefix_override:/usr/lib/python3/dist-packages/colcon_core/task/python/colcon_distutils_commands:/home/yestlisanchez/uwuntu/week_4/puzzlebot_sim/install/puzzlebot_sim/lib/python3.10/site-packages:${PYTHONPATH} /usr/bin/python3 -W ignore:setup.py install is deprecated -W ignore:easy_install command is deprecated setup.py egg_info --egg-base build/puzzlebot_sim build --build-base /home/yestlisanchez/uwuntu/week_4/puzzlebot_sim/build/puzzlebot_sim/build install --record /home/yestlisanchez/uwuntu/week_4/puzzlebot_sim/build/puzzlebot_sim/install.log --single-version-externally-managed install_data
