running egg_info
writing build/puzzlebot_sim/puzzlebot_sim.egg-info/PKG-INFO
writing dependency_links to build/puzzlebot_sim/puzzlebot_sim.egg-info/dependency_links.txt
writing entry points to build/puzzlebot_sim/puzzlebot_sim.egg-info/entry_points.txt
writing requirements to build/puzzlebot_sim/puzzlebot_sim.egg-info/requires.txt
writing top-level names to build/puzzlebot_sim/puzzlebot_sim.egg-info/top_level.txt
reading manifest file 'build/puzzlebot_sim/puzzlebot_sim.egg-info/SOURCES.txt'
adding license file 'LICENSE'
writing manifest file 'build/puzzlebot_sim/puzzlebot_sim.egg-info/SOURCES.txt'
running build
running build_py
copying puzzlebot_sim/kinematic_model.py -> /home/yestlisanchez/uwuntu/week_3/puzzlebot_sim/build/puzzlebot_sim/build/lib/puzzlebot_sim
copying puzzlebot_sim/localisation.py -> /home/yestlisanchez/uwuntu/week_3/puzzlebot_sim/build/puzzlebot_sim/build/lib/puzzlebot_sim
copying puzzlebot_sim/controller.py -> /home/yestlisanchez/uwuntu/week_3/puzzlebot_sim/build/puzzlebot_sim/build/lib/puzzlebot_sim
copying puzzlebot_sim/joint_state_publisher.py -> /home/yestlisanchez/uwuntu/week_3/puzzlebot_sim/build/puzzlebot_sim/build/lib/puzzlebot_sim
running install
running install_lib
copying /home/yestlisanchez/uwuntu/week_3/puzzlebot_sim/build/puzzlebot_sim/build/lib/puzzlebot_sim/kinematic_model.py -> /home/yestlisanchez/uwuntu/week_3/puzzlebot_sim/install/puzzlebot_sim/lib/python3.10/site-packages/puzzlebot_sim
copying /home/yestlisanchez/uwuntu/week_3/puzzlebot_sim/build/puzzlebot_sim/build/lib/puzzlebot_sim/localisation.py -> /home/yestlisanchez/uwuntu/week_3/puzzlebot_sim/install/puzzlebot_sim/lib/python3.10/site-packages/puzzlebot_sim
copying /home/yestlisanchez/uwuntu/week_3/puzzlebot_sim/build/puzzlebot_sim/build/lib/puzzlebot_sim/controller.py -> /home/yestlisanchez/uwuntu/week_3/puzzlebot_sim/install/puzzlebot_sim/lib/python3.10/site-packages/puzzlebot_sim
copying /home/yestlisanchez/uwuntu/week_3/puzzlebot_sim/build/puzzlebot_sim/build/lib/puzzlebot_sim/joint_state_publisher.py -> /home/yestlisanchez/uwuntu/week_3/puzzlebot_sim/install/puzzlebot_sim/lib/python3.10/site-packages/puzzlebot_sim
byte-compiling /home/yestlisanchez/uwuntu/week_3/puzzlebot_sim/install/puzzlebot_sim/lib/python3.10/site-packages/puzzlebot_sim/kinematic_model.py to kinematic_model.cpython-310.pyc
byte-compiling /home/yestlisanchez/uwuntu/week_3/puzzlebot_sim/install/puzzlebot_sim/lib/python3.10/site-packages/puzzlebot_sim/localisation.py to localisation.cpython-310.pyc
byte-compiling /home/yestlisanchez/uwuntu/week_3/puzzlebot_sim/install/puzzlebot_sim/lib/python3.10/site-packages/puzzlebot_sim/controller.py to controller.cpython-310.pyc
byte-compiling /home/yestlisanchez/uwuntu/week_3/puzzlebot_sim/install/puzzlebot_sim/lib/python3.10/site-packages/puzzlebot_sim/joint_state_publisher.py to joint_state_publisher.cpython-310.pyc
running install_data
running install_egg_info
removing '/home/yestlisanchez/uwuntu/week_3/puzzlebot_sim/install/puzzlebot_sim/lib/python3.10/site-packages/puzzlebot_sim-0.0.0-py3.10.egg-info' (and everything under it)
Copying build/puzzlebot_sim/puzzlebot_sim.egg-info to /home/yestlisanchez/uwuntu/week_3/puzzlebot_sim/install/puzzlebot_sim/lib/python3.10/site-packages/puzzlebot_sim-0.0.0-py3.10.egg-info
running install_scripts
Installing controller script to /home/yestlisanchez/uwuntu/week_3/puzzlebot_sim/install/puzzlebot_sim/lib/puzzlebot_sim
Installing joint_state_publisher script to /home/yestlisanchez/uwuntu/week_3/puzzlebot_sim/install/puzzlebot_sim/lib/puzzlebot_sim
Installing kinematic_model script to /home/yestlisanchez/uwuntu/week_3/puzzlebot_sim/install/puzzlebot_sim/lib/puzzlebot_sim
Installing localisation script to /home/yestlisanchez/uwuntu/week_3/puzzlebot_sim/install/puzzlebot_sim/lib/puzzlebot_sim
writing list of installed files to '/home/yestlisanchez/uwuntu/week_3/puzzlebot_sim/build/puzzlebot_sim/install.log'
