[0.748s] Invoking command in '/home/yestlisanchez/uwuntu/week_4/puzzlebot_sim': PYTHONPATH=/home/yestlisanchez/uwuntu/week_4/puzzlebot_sim/build/puzzlebot_sim/prefix_override:/usr/lib/python3/dist-packages/colcon_core/task/python/colcon_distutils_commands:/home/yestlisanchez/uwuntu/week_4/puzzlebot_sim/install/puzzlebot_sim/lib/python3.10/site-packages:${PYTHONPATH} /usr/bin/python3 -W ignore:setup.py install is deprecated -W ignore:easy_install command is deprecated setup.py egg_info --egg-base build/puzzlebot_sim build --build-base /home/yestlisanchez/uwuntu/week_4/puzzlebot_sim/build/puzzlebot_sim/build install --record /home/yestlisanchez/uwuntu/week_4/puzzlebot_sim/build/puzzlebot_sim/install.log --single-version-externally-managed install_data
[1.012s] running egg_info
[1.012s] writing build/puzzlebot_sim/puzzlebot_sim.egg-info/PKG-INFO
[1.012s] writing dependency_links to build/puzzlebot_sim/puzzlebot_sim.egg-info/dependency_links.txt
[1.013s] writing entry points to build/puzzlebot_sim/puzzlebot_sim.egg-info/entry_points.txt
[1.013s] writing requirements to build/puzzlebot_sim/puzzlebot_sim.egg-info/requires.txt
[1.013s] writing top-level names to build/puzzlebot_sim/puzzlebot_sim.egg-info/top_level.txt
[1.016s] reading manifest file 'build/puzzlebot_sim/puzzlebot_sim.egg-info/SOURCES.txt'
[1.016s] adding license file 'LICENSE'
[1.017s] writing manifest file 'build/puzzlebot_sim/puzzlebot_sim.egg-info/SOURCES.txt'
[1.018s] running build
[1.019s] running build_py
[1.019s] running install
[1.019s] running install_lib
[1.021s] running install_data
[1.022s] running install_egg_info
[1.027s] removing '/home/yestlisanchez/uwuntu/week_4/puzzlebot_sim/install/puzzlebot_sim/lib/python3.10/site-packages/puzzlebot_sim-0.0.0-py3.10.egg-info' (and everything under it)
[1.027s] Copying build/puzzlebot_sim/puzzlebot_sim.egg-info to /home/yestlisanchez/uwuntu/week_4/puzzlebot_sim/install/puzzlebot_sim/lib/python3.10/site-packages/puzzlebot_sim-0.0.0-py3.10.egg-info
[1.028s] running install_scripts
[1.052s] Installing controller script to /home/yestlisanchez/uwuntu/week_4/puzzlebot_sim/install/puzzlebot_sim/lib/puzzlebot_sim
[1.053s] Installing joint_state_publisher script to /home/yestlisanchez/uwuntu/week_4/puzzlebot_sim/install/puzzlebot_sim/lib/puzzlebot_sim
[1.053s] Installing kinematic_model script to /home/yestlisanchez/uwuntu/week_4/puzzlebot_sim/install/puzzlebot_sim/lib/puzzlebot_sim
[1.053s] Installing localisation script to /home/yestlisanchez/uwuntu/week_4/puzzlebot_sim/install/puzzlebot_sim/lib/puzzlebot_sim
[1.053s] writing list of installed files to '/home/yestlisanchez/uwuntu/week_4/puzzlebot_sim/build/puzzlebot_sim/install.log'
[1.078s] Invoked command in '/home/yestlisanchez/uwuntu/week_4/puzzlebot_sim' returned '0': PYTHONPATH=/home/yestlisanchez/uwuntu/week_4/puzzlebot_sim/build/puzzlebot_sim/prefix_override:/usr/lib/python3/dist-packages/colcon_core/task/python/colcon_distutils_commands:/home/yestlisanchez/uwuntu/week_4/puzzlebot_sim/install/puzzlebot_sim/lib/python3.10/site-packages:${PYTHONPATH} /usr/bin/python3 -W ignore:setup.py install is deprecated -W ignore:easy_install command is deprecated setup.py egg_info --egg-base build/puzzlebot_sim build --build-base /home/yestlisanchez/uwuntu/week_4/puzzlebot_sim/build/puzzlebot_sim/build install --record /home/yestlisanchez/uwuntu/week_4/puzzlebot_sim/build/puzzlebot_sim/install.log --single-version-externally-managed install_data
