[0.390s] Invoking command in '/home/yestlisanchez/puzzlebot_sim': PYTHONPATH=/home/yestlisanchez/puzzlebot_sim/build/puzzlebot_sim/prefix_override:/usr/lib/python3/dist-packages/colcon_core/task/python/colcon_distutils_commands:/home/yestlisanchez/puzzlebot_sim/install/puzzlebot_sim/lib/python3.10/site-packages:${PYTHONPATH} /usr/bin/python3 -W ignore:setup.py install is deprecated -W ignore:easy_install command is deprecated setup.py egg_info --egg-base build/puzzlebot_sim build --build-base /home/yestlisanchez/puzzlebot_sim/build/puzzlebot_sim/build install --record /home/yestlisanchez/puzzlebot_sim/build/puzzlebot_sim/install.log --single-version-externally-managed install_data
[0.580s] running egg_info
[0.581s] writing build/puzzlebot_sim/puzzlebot_sim.egg-info/PKG-INFO
[0.581s] writing dependency_links to build/puzzlebot_sim/puzzlebot_sim.egg-info/dependency_links.txt
[0.582s] writing entry points to build/puzzlebot_sim/puzzlebot_sim.egg-info/entry_points.txt
[0.582s] writing requirements to build/puzzlebot_sim/puzzlebot_sim.egg-info/requires.txt
[0.582s] writing top-level names to build/puzzlebot_sim/puzzlebot_sim.egg-info/top_level.txt
[0.582s] reading manifest file 'build/puzzlebot_sim/puzzlebot_sim.egg-info/SOURCES.txt'
[0.582s] adding license file 'LICENSE'
[0.583s] writing manifest file 'build/puzzlebot_sim/puzzlebot_sim.egg-info/SOURCES.txt'
[0.583s] running build
[0.583s] running build_py
[0.583s] running install
[0.583s] running install_lib
[0.586s] running install_data
[0.586s] copying launch/puzzlebot_launch.py -> /home/yestlisanchez/puzzlebot_sim/install/puzzlebot_sim/share/puzzlebot_sim/launch
[0.586s] running install_egg_info
[0.586s] removing '/home/yestlisanchez/puzzlebot_sim/install/puzzlebot_sim/lib/python3.10/site-packages/puzzlebot_sim-0.0.0-py3.10.egg-info' (and everything under it)
[0.588s] Copying build/puzzlebot_sim/puzzlebot_sim.egg-info to /home/yestlisanchez/puzzlebot_sim/install/puzzlebot_sim/lib/python3.10/site-packages/puzzlebot_sim-0.0.0-py3.10.egg-info
[0.589s] running install_scripts
[0.602s] Installing joint_state_publisher script to /home/yestlisanchez/puzzlebot_sim/install/puzzlebot_sim/lib/puzzlebot_sim
[0.602s] writing list of installed files to '/home/yestlisanchez/puzzlebot_sim/build/puzzlebot_sim/install.log'
[0.618s] Invoked command in '/home/yestlisanchez/puzzlebot_sim' returned '0': PYTHONPATH=/home/yestlisanchez/puzzlebot_sim/build/puzzlebot_sim/prefix_override:/usr/lib/python3/dist-packages/colcon_core/task/python/colcon_distutils_commands:/home/yestlisanchez/puzzlebot_sim/install/puzzlebot_sim/lib/python3.10/site-packages:${PYTHONPATH} /usr/bin/python3 -W ignore:setup.py install is deprecated -W ignore:easy_install command is deprecated setup.py egg_info --egg-base build/puzzlebot_sim build --build-base /home/yestlisanchez/puzzlebot_sim/build/puzzlebot_sim/build install --record /home/yestlisanchez/puzzlebot_sim/build/puzzlebot_sim/install.log --single-version-externally-managed install_data
