[0.390s] Invoking command in '/home/yestlisanchez/uwuntu/week_3/puzzlebot_sim': PYTHONPATH=/home/yestlisanchez/uwuntu/week_3/puzzlebot_sim/build/puzzlebot_sim/prefix_override:/usr/lib/python3/dist-packages/colcon_core/task/python/colcon_distutils_commands:/home/yestlisanchez/uwuntu/week_3/puzzlebot_sim/install/puzzlebot_sim/lib/python3.10/site-packages:${PYTHONPATH} /usr/bin/python3 -W ignore:setup.py install is deprecated -W ignore:easy_install command is deprecated setup.py egg_info --egg-base build/puzzlebot_sim build --build-base /home/yestlisanchez/uwuntu/week_3/puzzlebot_sim/build/puzzlebot_sim/build install --record /home/yestlisanchez/uwuntu/week_3/puzzlebot_sim/build/puzzlebot_sim/install.log --single-version-externally-managed install_data
[0.553s] running egg_info
[0.553s] writing build/puzzlebot_sim/puzzlebot_sim.egg-info/PKG-INFO
[0.553s] writing dependency_links to build/puzzlebot_sim/puzzlebot_sim.egg-info/dependency_links.txt
[0.554s] writing entry points to build/puzzlebot_sim/puzzlebot_sim.egg-info/entry_points.txt
[0.554s] writing requirements to build/puzzlebot_sim/puzzlebot_sim.egg-info/requires.txt
[0.554s] writing top-level names to build/puzzlebot_sim/puzzlebot_sim.egg-info/top_level.txt
[0.556s] reading manifest file 'build/puzzlebot_sim/puzzlebot_sim.egg-info/SOURCES.txt'
[0.556s] adding license file 'LICENSE'
[0.556s] writing manifest file 'build/puzzlebot_sim/puzzlebot_sim.egg-info/SOURCES.txt'
[0.556s] running build
[0.556s] running build_py
[0.556s] copying puzzlebot_sim/kinematic_model.py -> /home/yestlisanchez/uwuntu/week_3/puzzlebot_sim/build/puzzlebot_sim/build/lib/puzzlebot_sim
[0.556s] running install
[0.557s] running install_lib
[0.558s] copying /home/yestlisanchez/uwuntu/week_3/puzzlebot_sim/build/puzzlebot_sim/build/lib/puzzlebot_sim/kinematic_model.py -> /home/yestlisanchez/uwuntu/week_3/puzzlebot_sim/install/puzzlebot_sim/lib/python3.10/site-packages/puzzlebot_sim
[0.558s] byte-compiling /home/yestlisanchez/uwuntu/week_3/puzzlebot_sim/install/puzzlebot_sim/lib/python3.10/site-packages/puzzlebot_sim/kinematic_model.py to kinematic_model.cpython-310.pyc
[0.559s] running install_data
[0.559s] running install_egg_info
[0.561s] removing '/home/yestlisanchez/uwuntu/week_3/puzzlebot_sim/install/puzzlebot_sim/lib/python3.10/site-packages/puzzlebot_sim-0.0.0-py3.10.egg-info' (and everything under it)
[0.562s] Copying build/puzzlebot_sim/puzzlebot_sim.egg-info to /home/yestlisanchez/uwuntu/week_3/puzzlebot_sim/install/puzzlebot_sim/lib/python3.10/site-packages/puzzlebot_sim-0.0.0-py3.10.egg-info
[0.562s] running install_scripts
[0.576s] Installing controller script to /home/yestlisanchez/uwuntu/week_3/puzzlebot_sim/install/puzzlebot_sim/lib/puzzlebot_sim
[0.576s] Installing joint_state_publisher script to /home/yestlisanchez/uwuntu/week_3/puzzlebot_sim/install/puzzlebot_sim/lib/puzzlebot_sim
[0.576s] Installing kinematic_model script to /home/yestlisanchez/uwuntu/week_3/puzzlebot_sim/install/puzzlebot_sim/lib/puzzlebot_sim
[0.576s] Installing localisation script to /home/yestlisanchez/uwuntu/week_3/puzzlebot_sim/install/puzzlebot_sim/lib/puzzlebot_sim
[0.576s] writing list of installed files to '/home/yestlisanchez/uwuntu/week_3/puzzlebot_sim/build/puzzlebot_sim/install.log'
[0.592s] Invoked command in '/home/yestlisanchez/uwuntu/week_3/puzzlebot_sim' returned '0': PYTHONPATH=/home/yestlisanchez/uwuntu/week_3/puzzlebot_sim/build/puzzlebot_sim/prefix_override:/usr/lib/python3/dist-packages/colcon_core/task/python/colcon_distutils_commands:/home/yestlisanchez/uwuntu/week_3/puzzlebot_sim/install/puzzlebot_sim/lib/python3.10/site-packages:${PYTHONPATH} /usr/bin/python3 -W ignore:setup.py install is deprecated -W ignore:easy_install command is deprecated setup.py egg_info --egg-base build/puzzlebot_sim build --build-base /home/yestlisanchez/uwuntu/week_3/puzzlebot_sim/build/puzzlebot_sim/build install --record /home/yestlisanchez/uwuntu/week_3/puzzlebot_sim/build/puzzlebot_sim/install.log --single-version-externally-managed install_data
