/home/yestlisanchez/uwuntu/week_3/puzzlebot_sim/install/puzzlebot_sim/lib/python3.10/site-packages/puzzlebot_sim/__init__.py
/home/yestlisanchez/uwuntu/week_3/puzzlebot_sim/install/puzzlebot_sim/lib/python3.10/site-packages/puzzlebot_sim/kinematic_model.py
/home/yestlisanchez/uwuntu/week_3/puzzlebot_sim/install/puzzlebot_sim/lib/python3.10/site-packages/puzzlebot_sim/localisation.py
/home/yestlisanchez/uwuntu/week_3/puzzlebot_sim/install/puzzlebot_sim/lib/python3.10/site-packages/puzzlebot_sim/controller.py
/home/yestlisanchez/uwuntu/week_3/puzzlebot_sim/install/puzzlebot_sim/lib/python3.10/site-packages/puzzlebot_sim/joint_state_publisher.py
/home/yestlisanchez/uwuntu/week_3/puzzlebot_sim/install/puzzlebot_sim/lib/python3.10/site-packages/puzzlebot_sim/__pycache__/__init__.cpython-310.pyc
/home/yestlisanchez/uwuntu/week_3/puzzlebot_sim/install/puzzlebot_sim/lib/python3.10/site-packages/puzzlebot_sim/__pycache__/kinematic_model.cpython-310.pyc
/home/yestlisanchez/uwuntu/week_3/puzzlebot_sim/install/puzzlebot_sim/lib/python3.10/site-packages/puzzlebot_sim/__pycache__/localisation.cpython-310.pyc
/home/yestlisanchez/uwuntu/week_3/puzzlebot_sim/install/puzzlebot_sim/lib/python3.10/site-packages/puzzlebot_sim/__pycache__/controller.cpython-310.pyc
/home/yestlisanchez/uwuntu/week_3/puzzlebot_sim/install/puzzlebot_sim/lib/python3.10/site-packages/puzzlebot_sim/__pycache__/joint_state_publisher.cpython-310.pyc
/home/yestlisanchez/uwuntu/week_3/puzzlebot_sim/install/puzzlebot_sim/share/ament_index/resource_index/packages/puzzlebot_sim
/home/yestlisanchez/uwuntu/week_3/puzzlebot_sim/install/puzzlebot_sim/share/puzzlebot_sim/package.xml
/home/yestlisanchez/uwuntu/week_3/puzzlebot_sim/install/puzzlebot_sim/share/puzzlebot_sim/launch/puzzlebot_launch.py
/home/yestlisanchez/uwuntu/week_3/puzzlebot_sim/install/puzzlebot_sim/share/puzzlebot_sim/launch/kinematic_launch.py
/home/yestlisanchez/uwuntu/week_3/puzzlebot_sim/install/puzzlebot_sim/share/puzzlebot_sim/launch/localisation_launch.py
/home/yestlisanchez/uwuntu/week_3/puzzlebot_sim/install/puzzlebot_sim/share/puzzlebot_sim/config
/home/yestlisanchez/uwuntu/week_3/puzzlebot_sim/install/puzzlebot_sim/share/puzzlebot_sim/rviz/puzzlebot_rviz.rviz
/home/yestlisanchez/uwuntu/week_3/puzzlebot_sim/install/puzzlebot_sim/share/puzzlebot_sim/meshes/Puzzlebot_Caster_Wheel.stl
/home/yestlisanchez/uwuntu/week_3/puzzlebot_sim/install/puzzlebot_sim/share/puzzlebot_sim/meshes/Puzzlebot_Wheel.stl
/home/yestlisanchez/uwuntu/week_3/puzzlebot_sim/install/puzzlebot_sim/share/puzzlebot_sim/meshes/Puzzlebot_Jetson_Lidar_Edition_Base.stl
/home/yestlisanchez/uwuntu/week_3/puzzlebot_sim/install/puzzlebot_sim/share/puzzlebot_sim/urdf/puzzlebot.urdf
/home/yestlisanchez/uwuntu/week_3/puzzlebot_sim/install/puzzlebot_sim/lib/python3.10/site-packages/puzzlebot_sim-0.0.0-py3.10.egg-info/PKG-INFO
/home/yestlisanchez/uwuntu/week_3/puzzlebot_sim/install/puzzlebot_sim/lib/python3.10/site-packages/puzzlebot_sim-0.0.0-py3.10.egg-info/entry_points.txt
/home/yestlisanchez/uwuntu/week_3/puzzlebot_sim/install/puzzlebot_sim/lib/python3.10/site-packages/puzzlebot_sim-0.0.0-py3.10.egg-info/requires.txt
/home/yestlisanchez/uwuntu/week_3/puzzlebot_sim/install/puzzlebot_sim/lib/python3.10/site-packages/puzzlebot_sim-0.0.0-py3.10.egg-info/top_level.txt
/home/yestlisanchez/uwuntu/week_3/puzzlebot_sim/install/puzzlebot_sim/lib/python3.10/site-packages/puzzlebot_sim-0.0.0-py3.10.egg-info/SOURCES.txt
/home/yestlisanchez/uwuntu/week_3/puzzlebot_sim/install/puzzlebot_sim/lib/python3.10/site-packages/puzzlebot_sim-0.0.0-py3.10.egg-info/dependency_links.txt
/home/yestlisanchez/uwuntu/week_3/puzzlebot_sim/install/puzzlebot_sim/lib/python3.10/site-packages/puzzlebot_sim-0.0.0-py3.10.egg-info/zip-safe
/home/yestlisanchez/uwuntu/week_3/puzzlebot_sim/install/puzzlebot_sim/lib/puzzlebot_sim/controller
/home/yestlisanchez/uwuntu/week_3/puzzlebot_sim/install/puzzlebot_sim/lib/puzzlebot_sim/joint_state_publisher
/home/yestlisanchez/uwuntu/week_3/puzzlebot_sim/install/puzzlebot_sim/lib/puzzlebot_sim/kinematic_model
/home/yestlisanchez/uwuntu/week_3/puzzlebot_sim/install/puzzlebot_sim/lib/puzzlebot_sim/localisation
