[0.534s] Invoking command in '/home/yestlisanchez/puzzlebot_sim': PYTHONPATH=/home/yestlisanchez/puzzlebot_sim/build/puzzlebot_sim/prefix_override:/usr/lib/python3/dist-packages/colcon_core/task/python/colcon_distutils_commands:/home/yestlisanchez/puzzlebot_sim/install/puzzlebot_sim/lib/python3.10/site-packages:${PYTHONPATH} /usr/bin/python3 -W ignore:setup.py install is deprecated -W ignore:easy_install command is deprecated setup.py egg_info --egg-base build/puzzlebot_sim build --build-base /home/yestlisanchez/puzzlebot_sim/build/puzzlebot_sim/build install --record /home/yestlisanchez/puzzlebot_sim/build/puzzlebot_sim/install.log --single-version-externally-managed install_data
[0.726s] running egg_info
[0.726s] creating build/puzzlebot_sim/puzzlebot_sim.egg-info
[0.726s] writing build/puzzlebot_sim/puzzlebot_sim.egg-info/PKG-INFO
[0.726s] writing dependency_links to build/puzzlebot_sim/puzzlebot_sim.egg-info/dependency_links.txt
[0.726s] writing entry points to build/puzzlebot_sim/puzzlebot_sim.egg-info/entry_points.txt
[0.726s] writing requirements to build/puzzlebot_sim/puzzlebot_sim.egg-info/requires.txt
[0.726s] writing top-level names to build/puzzlebot_sim/puzzlebot_sim.egg-info/top_level.txt
[0.727s] writing manifest file 'build/puzzlebot_sim/puzzlebot_sim.egg-info/SOURCES.txt'
[0.728s] reading manifest file 'build/puzzlebot_sim/puzzlebot_sim.egg-info/SOURCES.txt'
[0.728s] adding license file 'LICENSE'
[0.728s] writing manifest file 'build/puzzlebot_sim/puzzlebot_sim.egg-info/SOURCES.txt'
[0.729s] running build
[0.729s] running build_py
[0.729s] creating /home/yestlisanchez/puzzlebot_sim/build/puzzlebot_sim/build
[0.729s] creating /home/yestlisanchez/puzzlebot_sim/build/puzzlebot_sim/build/lib
[0.729s] creating /home/yestlisanchez/puzzlebot_sim/build/puzzlebot_sim/build/lib/puzzlebot_sim
[0.729s] copying puzzlebot_sim/__init__.py -> /home/yestlisanchez/puzzlebot_sim/build/puzzlebot_sim/build/lib/puzzlebot_sim
[0.729s] copying puzzlebot_sim/joint_state_publisher.py -> /home/yestlisanchez/puzzlebot_sim/build/puzzlebot_sim/build/lib/puzzlebot_sim
[0.730s] running install
[0.730s] running install_lib
[0.730s] creating /home/yestlisanchez/puzzlebot_sim/install/puzzlebot_sim/lib/python3.10/site-packages/puzzlebot_sim
[0.730s] copying /home/yestlisanchez/puzzlebot_sim/build/puzzlebot_sim/build/lib/puzzlebot_sim/__init__.py -> /home/yestlisanchez/puzzlebot_sim/install/puzzlebot_sim/lib/python3.10/site-packages/puzzlebot_sim
[0.730s] copying /home/yestlisanchez/puzzlebot_sim/build/puzzlebot_sim/build/lib/puzzlebot_sim/joint_state_publisher.py -> /home/yestlisanchez/puzzlebot_sim/install/puzzlebot_sim/lib/python3.10/site-packages/puzzlebot_sim
[0.731s] byte-compiling /home/yestlisanchez/puzzlebot_sim/install/puzzlebot_sim/lib/python3.10/site-packages/puzzlebot_sim/__init__.py to __init__.cpython-310.pyc
[0.731s] byte-compiling /home/yestlisanchez/puzzlebot_sim/install/puzzlebot_sim/lib/python3.10/site-packages/puzzlebot_sim/joint_state_publisher.py to joint_state_publisher.cpython-310.pyc
[0.733s] running install_data
[0.733s] creating /home/yestlisanchez/puzzlebot_sim/install/puzzlebot_sim/share/ament_index
[0.733s] creating /home/yestlisanchez/puzzlebot_sim/install/puzzlebot_sim/share/ament_index/resource_index
[0.733s] creating /home/yestlisanchez/puzzlebot_sim/install/puzzlebot_sim/share/ament_index/resource_index/packages
[0.733s] copying resource/puzzlebot_sim -> /home/yestlisanchez/puzzlebot_sim/install/puzzlebot_sim/share/ament_index/resource_index/packages
[0.733s] copying package.xml -> /home/yestlisanchez/puzzlebot_sim/install/puzzlebot_sim/share/puzzlebot_sim
[0.734s] creating /home/yestlisanchez/puzzlebot_sim/install/puzzlebot_sim/share/puzzlebot_sim/launch
[0.734s] copying launch/puzzlebot_launch.py -> /home/yestlisanchez/puzzlebot_sim/install/puzzlebot_sim/share/puzzlebot_sim/launch
[0.734s] creating /home/yestlisanchez/puzzlebot_sim/install/puzzlebot_sim/share/puzzlebot_sim/config
[0.734s] creating /home/yestlisanchez/puzzlebot_sim/install/puzzlebot_sim/share/puzzlebot_sim/rviz
[0.734s] copying rviz/puzzlebot_rviz.rviz -> /home/yestlisanchez/puzzlebot_sim/install/puzzlebot_sim/share/puzzlebot_sim/rviz
[0.752s] creating /home/yestlisanchez/puzzlebot_sim/install/puzzlebot_sim/share/puzzlebot_sim/meshes
[0.752s] copying meshes/Puzzlebot_Caster_Wheel.stl -> /home/yestlisanchez/puzzlebot_sim/install/puzzlebot_sim/share/puzzlebot_sim/meshes
[0.753s] copying meshes/Puzzlebot_Wheel.stl -> /home/yestlisanchez/puzzlebot_sim/install/puzzlebot_sim/share/puzzlebot_sim/meshes
[0.755s] copying meshes/Puzzlebot_Jetson_Lidar_Edition_Base.stl -> /home/yestlisanchez/puzzlebot_sim/install/puzzlebot_sim/share/puzzlebot_sim/meshes
[0.757s] creating /home/yestlisanchez/puzzlebot_sim/install/puzzlebot_sim/share/puzzlebot_sim/urdf
[0.758s] copying urdf/puzzlebot.urdf -> /home/yestlisanchez/puzzlebot_sim/install/puzzlebot_sim/share/puzzlebot_sim/urdf
[0.758s] running install_egg_info
[0.760s] Copying build/puzzlebot_sim/puzzlebot_sim.egg-info to /home/yestlisanchez/puzzlebot_sim/install/puzzlebot_sim/lib/python3.10/site-packages/puzzlebot_sim-0.0.0-py3.10.egg-info
[0.760s] running install_scripts
[0.780s] Installing joint_state_publisher script to /home/yestlisanchez/puzzlebot_sim/install/puzzlebot_sim/lib/puzzlebot_sim
[0.780s] writing list of installed files to '/home/yestlisanchez/puzzlebot_sim/build/puzzlebot_sim/install.log'
[0.798s] Invoked command in '/home/yestlisanchez/puzzlebot_sim' returned '0': PYTHONPATH=/home/yestlisanchez/puzzlebot_sim/build/puzzlebot_sim/prefix_override:/usr/lib/python3/dist-packages/colcon_core/task/python/colcon_distutils_commands:/home/yestlisanchez/puzzlebot_sim/install/puzzlebot_sim/lib/python3.10/site-packages:${PYTHONPATH} /usr/bin/python3 -W ignore:setup.py install is deprecated -W ignore:easy_install command is deprecated setup.py egg_info --egg-base build/puzzlebot_sim build --build-base /home/yestlisanchez/puzzlebot_sim/build/puzzlebot_sim/build install --record /home/yestlisanchez/puzzlebot_sim/build/puzzlebot_sim/install.log --single-version-externally-managed install_data
